<?xml version="1.0" encoding="UTF-8"?>
<testng-results skipped="0" failed="0" ignored="0" total="4" passed="4">
  <reporter-output>
  </reporter-output>
  <suite name="Default suite" duration-ms="85" started-at="2019-06-27T16:11:48Z" finished-at="2019-06-27T16:11:48Z">
    <groups>
      <group name="Apple">
        <method signature="testNGtest.test2()[pri:0, instance:Test.testNGtest@3a82f6ef]" name="test2" class="Test.testNGtest"/>
        <method signature="testNGtest.test4()[pri:0, instance:Test.testNGtest@3a82f6ef]" name="test4" class="Test.testNGtest"/>
      </group> <!-- Apple -->
      <group name="Mango">
        <method signature="testNGtest.test1()[pri:0, instance:Test.testNGtest@3a82f6ef]" name="test1" class="Test.testNGtest"/>
        <method signature="testNGtest.test3()[pri:0, instance:Test.testNGtest@3a82f6ef]" name="test3" class="Test.testNGtest"/>
      </group> <!-- Mango -->
    </groups>
    <test name="Default test" duration-ms="85" started-at="2019-06-27T16:11:48Z" finished-at="2019-06-27T16:11:48Z">
      <class name="Test.testNGtest">
        <test-method status="PASS" signature="test1()[pri:0, instance:Test.testNGtest@3a82f6ef]" name="test1" duration-ms="19" started-at="2019-06-27T16:11:48Z" finished-at="2019-06-27T16:11:48Z">
          <reporter-output>
          </reporter-output>
        </test-method> <!-- test1 -->
        <test-method status="PASS" signature="test2()[pri:0, instance:Test.testNGtest@3a82f6ef]" name="test2" duration-ms="4" started-at="2019-06-27T16:11:48Z" finished-at="2019-06-27T16:11:48Z">
          <reporter-output>
          </reporter-output>
        </test-method> <!-- test2 -->
        <test-method status="PASS" signature="test3()[pri:0, instance:Test.testNGtest@3a82f6ef]" name="test3" duration-ms="3" started-at="2019-06-27T16:11:48Z" finished-at="2019-06-27T16:11:48Z">
          <reporter-output>
          </reporter-output>
        </test-method> <!-- test3 -->
        <test-method status="PASS" signature="test4()[pri:0, instance:Test.testNGtest@3a82f6ef]" name="test4" duration-ms="2" started-at="2019-06-27T16:11:48Z" finished-at="2019-06-27T16:11:48Z">
          <reporter-output>
          </reporter-output>
        </test-method> <!-- test4 -->
      </class> <!-- Test.testNGtest -->
    </test> <!-- Default test -->
  </suite> <!-- Default suite -->
</testng-results>
